{"/Users/stepankrousky/Code/reusable_utils/src/utils/array.ts": {"path":"/Users/stepankrousky/Code/reusable_utils/src/utils/array.ts","statementMap":{"0":{"start":{"line":3,"column":38},"end":{"line":5,"column":1}},"1":{"start":{"line":4,"column":2},"end":{"line":4,"column":null}},"2":{"start":{"line":3,"column":13},"end":{"line":3,"column":38}},"3":{"start":{"line":9,"column":28},"end":{"line":15,"column":1}},"4":{"start":{"line":10,"column":2},"end":{"line":14,"column":null}},"5":{"start":{"line":12,"column":6},"end":{"line":12,"column":66}},"6":{"start":{"line":9,"column":13},"end":{"line":9,"column":28}},"7":{"start":{"line":19,"column":26},"end":{"line":25,"column":1}},"8":{"start":{"line":20,"column":24},"end":{"line":20,"column":26}},"9":{"start":{"line":21,"column":2},"end":{"line":23,"column":3}},"10":{"start":{"line":21,"column":15},"end":{"line":21,"column":16}},"11":{"start":{"line":22,"column":4},"end":{"line":22,"column":null}},"12":{"start":{"line":24,"column":2},"end":{"line":24,"column":null}},"13":{"start":{"line":19,"column":13},"end":{"line":19,"column":26}}},"fnMap":{"0":{"name":"(anonymous_0)","decl":{"start":{"line":3,"column":38},"end":{"line":3,"column":42}},"loc":{"start":{"line":3,"column":59},"end":{"line":5,"column":1}}},"1":{"name":"(anonymous_1)","decl":{"start":{"line":9,"column":28},"end":{"line":9,"column":32}},"loc":{"start":{"line":9,"column":51},"end":{"line":15,"column":1}}},"2":{"name":"(anonymous_2)","decl":{"start":{"line":11,"column":4},"end":{"line":11,"column":5}},"loc":{"start":{"line":12,"column":6},"end":{"line":12,"column":66}}},"3":{"name":"(anonymous_3)","decl":{"start":{"line":19,"column":26},"end":{"line":19,"column":30}},"loc":{"start":{"line":19,"column":63},"end":{"line":25,"column":1}}}},"branchMap":{"0":{"loc":{"start":{"line":12,"column":18},"end":{"line":12,"column":65}},"type":"cond-expr","locations":[{"start":{"line":12,"column":40},"end":{"line":12,"column":58}},{"start":{"line":12,"column":61},"end":{"line":12,"column":65}}]}},"s":{"0":1,"1":4,"2":1,"3":1,"4":10,"5":18,"6":1,"7":1,"8":4,"9":4,"10":4,"11":7,"12":4,"13":1},"f":{"0":4,"1":10,"2":18,"3":4},"b":{"0":[6,12]}}
,"/Users/stepankrousky/Code/reusable_utils/src/utils/date.ts": {"path":"/Users/stepankrousky/Code/reusable_utils/src/utils/date.ts","statementMap":{"0":{"start":{"line":3,"column":35},"end":{"line":6,"column":1}},"1":{"start":{"line":4,"column":19},"end":{"line":4,"column":38}},"2":{"start":{"line":5,"column":2},"end":{"line":5,"column":null}},"3":{"start":{"line":3,"column":13},"end":{"line":3,"column":35}},"4":{"start":{"line":10,"column":28},"end":{"line":46,"column":1}},"5":{"start":{"line":11,"column":14},"end":{"line":11,"column":24}},"6":{"start":{"line":12,"column":25},"end":{"line":12,"column":60}},"7":{"start":{"line":14,"column":20},"end":{"line":22,"column":null}},"8":{"start":{"line":24,"column":2},"end":{"line":45,"column":3}},"9":{"start":{"line":25,"column":20},"end":{"line":25,"column":65}},"10":{"start":{"line":26,"column":4},"end":{"line":26,"column":null}},"11":{"start":{"line":27,"column":9},"end":{"line":45,"column":3}},"12":{"start":{"line":28,"column":20},"end":{"line":28,"column":65}},"13":{"start":{"line":29,"column":4},"end":{"line":29,"column":null}},"14":{"start":{"line":30,"column":9},"end":{"line":45,"column":3}},"15":{"start":{"line":31,"column":18},"end":{"line":31,"column":61}},"16":{"start":{"line":32,"column":4},"end":{"line":32,"column":null}},"17":{"start":{"line":33,"column":9},"end":{"line":45,"column":3}},"18":{"start":{"line":34,"column":17},"end":{"line":34,"column":59}},"19":{"start":{"line":35,"column":4},"end":{"line":35,"column":null}},"20":{"start":{"line":36,"column":9},"end":{"line":45,"column":3}},"21":{"start":{"line":37,"column":18},"end":{"line":37,"column":61}},"22":{"start":{"line":38,"column":4},"end":{"line":38,"column":null}},"23":{"start":{"line":39,"column":9},"end":{"line":45,"column":3}},"24":{"start":{"line":40,"column":19},"end":{"line":40,"column":63}},"25":{"start":{"line":41,"column":4},"end":{"line":41,"column":null}},"26":{"start":{"line":43,"column":18},"end":{"line":43,"column":61}},"27":{"start":{"line":44,"column":4},"end":{"line":44,"column":null}},"28":{"start":{"line":10,"column":13},"end":{"line":10,"column":28}}},"fnMap":{"0":{"name":"(anonymous_0)","decl":{"start":{"line":3,"column":35},"end":{"line":3,"column":36}},"loc":{"start":{"line":3,"column":78},"end":{"line":6,"column":1}}},"1":{"name":"(anonymous_1)","decl":{"start":{"line":10,"column":28},"end":{"line":10,"column":29}},"loc":{"start":{"line":10,"column":56},"end":{"line":46,"column":1}}}},"branchMap":{"0":{"loc":{"start":{"line":24,"column":2},"end":{"line":45,"column":3}},"type":"if","locations":[{"start":{"line":24,"column":2},"end":{"line":45,"column":3}},{"start":{"line":27,"column":9},"end":{"line":45,"column":3}}]},"1":{"loc":{"start":{"line":26,"column":25},"end":{"line":26,"column":61}},"type":"cond-expr","locations":[{"start":{"line":26,"column":41},"end":{"line":26,"column":49}},{"start":{"line":26,"column":52},"end":{"line":26,"column":61}}]},"2":{"loc":{"start":{"line":27,"column":9},"end":{"line":45,"column":3}},"type":"if","locations":[{"start":{"line":27,"column":9},"end":{"line":45,"column":3}},{"start":{"line":30,"column":9},"end":{"line":45,"column":3}}]},"3":{"loc":{"start":{"line":29,"column":25},"end":{"line":29,"column":61}},"type":"cond-expr","locations":[{"start":{"line":29,"column":41},"end":{"line":29,"column":49}},{"start":{"line":29,"column":52},"end":{"line":29,"column":61}}]},"4":{"loc":{"start":{"line":30,"column":9},"end":{"line":45,"column":3}},"type":"if","locations":[{"start":{"line":30,"column":9},"end":{"line":45,"column":3}},{"start":{"line":33,"column":9},"end":{"line":45,"column":3}}]},"5":{"loc":{"start":{"line":32,"column":23},"end":{"line":32,"column":53}},"type":"cond-expr","locations":[{"start":{"line":32,"column":37},"end":{"line":32,"column":43}},{"start":{"line":32,"column":46},"end":{"line":32,"column":53}}]},"6":{"loc":{"start":{"line":33,"column":9},"end":{"line":45,"column":3}},"type":"if","locations":[{"start":{"line":33,"column":9},"end":{"line":45,"column":3}},{"start":{"line":36,"column":9},"end":{"line":45,"column":3}}]},"7":{"loc":{"start":{"line":35,"column":22},"end":{"line":35,"column":49}},"type":"cond-expr","locations":[{"start":{"line":35,"column":35},"end":{"line":35,"column":40}},{"start":{"line":35,"column":43},"end":{"line":35,"column":49}}]},"8":{"loc":{"start":{"line":36,"column":9},"end":{"line":45,"column":3}},"type":"if","locations":[{"start":{"line":36,"column":9},"end":{"line":45,"column":3}},{"start":{"line":39,"column":9},"end":{"line":45,"column":3}}]},"9":{"loc":{"start":{"line":38,"column":23},"end":{"line":38,"column":53}},"type":"cond-expr","locations":[{"start":{"line":38,"column":37},"end":{"line":38,"column":43}},{"start":{"line":38,"column":46},"end":{"line":38,"column":53}}]},"10":{"loc":{"start":{"line":39,"column":9},"end":{"line":45,"column":3}},"type":"if","locations":[{"start":{"line":39,"column":9},"end":{"line":45,"column":3}},{"start":{"line":42,"column":9},"end":{"line":45,"column":3}}]},"11":{"loc":{"start":{"line":41,"column":24},"end":{"line":41,"column":57}},"type":"cond-expr","locations":[{"start":{"line":41,"column":39},"end":{"line":41,"column":46}},{"start":{"line":41,"column":49},"end":{"line":41,"column":57}}]},"12":{"loc":{"start":{"line":44,"column":23},"end":{"line":44,"column":53}},"type":"cond-expr","locations":[{"start":{"line":44,"column":37},"end":{"line":44,"column":43}},{"start":{"line":44,"column":46},"end":{"line":44,"column":53}}]}},"s":{"0":1,"1":2,"2":2,"3":1,"4":1,"5":14,"6":14,"7":14,"8":14,"9":2,"10":2,"11":12,"12":2,"13":2,"14":10,"15":2,"16":2,"17":8,"18":2,"19":2,"20":6,"21":2,"22":2,"23":4,"24":2,"25":2,"26":2,"27":2,"28":1},"f":{"0":2,"1":14},"b":{"0":[2,12],"1":[1,1],"2":[2,10],"3":[1,1],"4":[2,8],"5":[1,1],"6":[2,6],"7":[1,1],"8":[2,4],"9":[1,1],"10":[2,2],"11":[1,1],"12":[1,1]}}
,"/Users/stepankrousky/Code/reusable_utils/src/utils/number.ts": {"path":"/Users/stepankrousky/Code/reusable_utils/src/utils/number.ts","statementMap":{"0":{"start":{"line":3,"column":31},"end":{"line":5,"column":1}},"1":{"start":{"line":4,"column":2},"end":{"line":4,"column":null}},"2":{"start":{"line":3,"column":13},"end":{"line":3,"column":31}},"3":{"start":{"line":9,"column":44},"end":{"line":17,"column":1}},"4":{"start":{"line":10,"column":2},"end":{"line":16,"column":3}},"5":{"start":{"line":11,"column":4},"end":{"line":11,"column":null}},"6":{"start":{"line":12,"column":9},"end":{"line":16,"column":3}},"7":{"start":{"line":13,"column":4},"end":{"line":13,"column":null}},"8":{"start":{"line":15,"column":4},"end":{"line":15,"column":null}},"9":{"start":{"line":9,"column":13},"end":{"line":9,"column":44}},"10":{"start":{"line":21,"column":43},"end":{"line":30,"column":1}},"11":{"start":{"line":22,"column":27},"end":{"line":22,"column":55}},"12":{"start":{"line":23,"column":2},"end":{"line":29,"column":3}},"13":{"start":{"line":24,"column":4},"end":{"line":24,"column":null}},"14":{"start":{"line":25,"column":9},"end":{"line":29,"column":3}},"15":{"start":{"line":26,"column":4},"end":{"line":26,"column":null}},"16":{"start":{"line":28,"column":4},"end":{"line":28,"column":null}},"17":{"start":{"line":21,"column":13},"end":{"line":21,"column":43}},"18":{"start":{"line":34,"column":33},"end":{"line":41,"column":1}},"19":{"start":{"line":38,"column":18},"end":{"line":38,"column":51}},"20":{"start":{"line":39,"column":20},"end":{"line":39,"column":70}},"21":{"start":{"line":40,"column":2},"end":{"line":40,"column":null}},"22":{"start":{"line":34,"column":13},"end":{"line":34,"column":33}},"23":{"start":{"line":45,"column":21},"end":{"line":47,"column":1}},"24":{"start":{"line":46,"column":2},"end":{"line":46,"column":null}},"25":{"start":{"line":45,"column":13},"end":{"line":45,"column":21}}},"fnMap":{"0":{"name":"(anonymous_0)","decl":{"start":{"line":3,"column":31},"end":{"line":3,"column":32}},"loc":{"start":{"line":3,"column":68},"end":{"line":5,"column":1}}},"1":{"name":"(anonymous_1)","decl":{"start":{"line":9,"column":44},"end":{"line":9,"column":45}},"loc":{"start":{"line":9,"column":71},"end":{"line":17,"column":1}}},"2":{"name":"(anonymous_2)","decl":{"start":{"line":21,"column":43},"end":{"line":21,"column":44}},"loc":{"start":{"line":21,"column":78},"end":{"line":30,"column":1}}},"3":{"name":"(anonymous_3)","decl":{"start":{"line":34,"column":33},"end":{"line":34,"column":null}},"loc":{"start":{"line":37,"column":12},"end":{"line":41,"column":1}}},"4":{"name":"(anonymous_4)","decl":{"start":{"line":45,"column":21},"end":{"line":45,"column":22}},"loc":{"start":{"line":45,"column":71},"end":{"line":47,"column":1}}}},"branchMap":{"0":{"loc":{"start":{"line":10,"column":2},"end":{"line":16,"column":3}},"type":"if","locations":[{"start":{"line":10,"column":2},"end":{"line":16,"column":3}},{"start":{"line":12,"column":9},"end":{"line":16,"column":3}}]},"1":{"loc":{"start":{"line":12,"column":9},"end":{"line":16,"column":3}},"type":"if","locations":[{"start":{"line":12,"column":9},"end":{"line":16,"column":3}},{"start":{"line":14,"column":9},"end":{"line":16,"column":3}}]},"2":{"loc":{"start":{"line":23,"column":2},"end":{"line":29,"column":3}},"type":"if","locations":[{"start":{"line":23,"column":2},"end":{"line":29,"column":3}},{"start":{"line":25,"column":9},"end":{"line":29,"column":3}}]},"3":{"loc":{"start":{"line":25,"column":9},"end":{"line":29,"column":3}},"type":"if","locations":[{"start":{"line":25,"column":9},"end":{"line":29,"column":3}},{"start":{"line":27,"column":9},"end":{"line":29,"column":3}}]},"4":{"loc":{"start":{"line":36,"column":2},"end":{"line":36,"column":26}},"type":"default-arg","locations":[{"start":{"line":36,"column":24},"end":{"line":36,"column":26}}]},"5":{"loc":{"start":{"line":40,"column":9},"end":{"line":40,"column":64}},"type":"cond-expr","locations":[{"start":{"line":40,"column":23},"end":{"line":40,"column":52}},{"start":{"line":40,"column":55},"end":{"line":40,"column":64}}]}},"s":{"0":1,"1":4,"2":1,"3":1,"4":5,"5":2,"6":3,"7":2,"8":1,"9":1,"10":1,"11":13,"12":13,"13":4,"14":9,"15":4,"16":5,"17":1,"18":1,"19":3,"20":3,"21":3,"22":1,"23":1,"24":12,"25":1},"f":{"0":4,"1":5,"2":13,"3":3,"4":12},"b":{"0":[2,3],"1":[2,1],"2":[4,9],"3":[4,5],"4":[1],"5":[2,1]}}
,"/Users/stepankrousky/Code/reusable_utils/src/utils/object.ts": {"path":"/Users/stepankrousky/Code/reusable_utils/src/utils/object.ts","statementMap":{"0":{"start":{"line":3,"column":31},"end":{"line":8,"column":1}},"1":{"start":{"line":4,"column":2},"end":{"line":6,"column":3}},"2":{"start":{"line":5,"column":4},"end":{"line":5,"column":null}},"3":{"start":{"line":7,"column":2},"end":{"line":7,"column":null}},"4":{"start":{"line":3,"column":13},"end":{"line":3,"column":31}},"5":{"start":{"line":12,"column":28},"end":{"line":38,"column":1}},"6":{"start":{"line":19,"column":17},"end":{"line":19,"column":37}},"7":{"start":{"line":21,"column":2},"end":{"line":36,"column":3}},"8":{"start":{"line":22,"column":4},"end":{"line":35,"column":5}},"9":{"start":{"line":28,"column":8},"end":{"line":31,"column":null}},"10":{"start":{"line":34,"column":8},"end":{"line":34,"column":null}},"11":{"start":{"line":37,"column":2},"end":{"line":37,"column":null}},"12":{"start":{"line":12,"column":13},"end":{"line":12,"column":28}}},"fnMap":{"0":{"name":"(anonymous_0)","decl":{"start":{"line":3,"column":31},"end":{"line":3,"column":35}},"loc":{"start":{"line":3,"column":48},"end":{"line":8,"column":1}}},"1":{"name":"(anonymous_1)","decl":{"start":{"line":12,"column":28},"end":{"line":12,"column":null}},"loc":{"start":{"line":18,"column":11},"end":{"line":38,"column":1}}}},"branchMap":{"0":{"loc":{"start":{"line":4,"column":2},"end":{"line":6,"column":3}},"type":"if","locations":[{"start":{"line":4,"column":2},"end":{"line":6,"column":3}}]},"1":{"loc":{"start":{"line":4,"column":6},"end":{"line":4,"column":39}},"type":"binary-expr","locations":[{"start":{"line":4,"column":6},"end":{"line":4,"column":18}},{"start":{"line":4,"column":22},"end":{"line":4,"column":39}}]},"2":{"loc":{"start":{"line":22,"column":4},"end":{"line":35,"column":5}},"type":"if","locations":[{"start":{"line":22,"column":4},"end":{"line":35,"column":5}},{"start":{"line":32,"column":11},"end":{"line":35,"column":5}}]},"3":{"loc":{"start":{"line":23,"column":6},"end":{"line":25,"column":31}},"type":"binary-expr","locations":[{"start":{"line":23,"column":6},"end":{"line":23,"column":15}},{"start":{"line":24,"column":6},"end":{"line":24,"column":35}},{"start":{"line":25,"column":6},"end":{"line":25,"column":31}}]},"4":{"loc":{"start":{"line":29,"column":9},"end":{"line":29,"column":50}},"type":"binary-expr","locations":[{"start":{"line":29,"column":9},"end":{"line":29,"column":44}},{"start":{"line":29,"column":48},"end":{"line":29,"column":50}}]}},"s":{"0":1,"1":4,"2":2,"3":2,"4":1,"5":1,"6":14,"7":14,"8":16,"9":4,"10":12,"11":14,"12":1},"f":{"0":4,"1":14},"b":{"0":[2],"1":[4,3],"2":[4,12],"3":[16,16,6],"4":[4,2]}}
,"/Users/stepankrousky/Code/reusable_utils/src/utils/string.ts": {"path":"/Users/stepankrousky/Code/reusable_utils/src/utils/string.ts","statementMap":{"0":{"start":{"line":3,"column":37},"end":{"line":5,"column":1}},"1":{"start":{"line":4,"column":2},"end":{"line":4,"column":null}},"2":{"start":{"line":3,"column":13},"end":{"line":3,"column":37}},"3":{"start":{"line":9,"column":34},"end":{"line":11,"column":1}},"4":{"start":{"line":10,"column":2},"end":{"line":10,"column":null}},"5":{"start":{"line":10,"column":40},"end":{"line":10,"column":58}},"6":{"start":{"line":9,"column":13},"end":{"line":9,"column":34}},"7":{"start":{"line":15,"column":32},"end":{"line":17,"column":1}},"8":{"start":{"line":16,"column":2},"end":{"line":16,"column":null}},"9":{"start":{"line":15,"column":13},"end":{"line":15,"column":32}},"10":{"start":{"line":21,"column":32},"end":{"line":23,"column":1}},"11":{"start":{"line":22,"column":2},"end":{"line":22,"column":null}},"12":{"start":{"line":22,"column":39},"end":{"line":22,"column":68}},"13":{"start":{"line":21,"column":13},"end":{"line":21,"column":32}}},"fnMap":{"0":{"name":"(anonymous_0)","decl":{"start":{"line":3,"column":37},"end":{"line":3,"column":38}},"loc":{"start":{"line":3,"column":61},"end":{"line":5,"column":1}}},"1":{"name":"(anonymous_1)","decl":{"start":{"line":9,"column":34},"end":{"line":9,"column":35}},"loc":{"start":{"line":9,"column":58},"end":{"line":11,"column":1}}},"2":{"name":"(anonymous_2)","decl":{"start":{"line":10,"column":30},"end":{"line":10,"column":31}},"loc":{"start":{"line":10,"column":40},"end":{"line":10,"column":58}}},"3":{"name":"(anonymous_3)","decl":{"start":{"line":15,"column":32},"end":{"line":15,"column":33}},"loc":{"start":{"line":15,"column":56},"end":{"line":17,"column":1}}},"4":{"name":"(anonymous_4)","decl":{"start":{"line":21,"column":32},"end":{"line":21,"column":33}},"loc":{"start":{"line":21,"column":56},"end":{"line":23,"column":1}}},"5":{"name":"(anonymous_5)","decl":{"start":{"line":22,"column":28},"end":{"line":22,"column":29}},"loc":{"start":{"line":22,"column":39},"end":{"line":22,"column":68}}}},"branchMap":{},"s":{"0":1,"1":6,"2":1,"3":1,"4":4,"5":6,"6":1,"7":1,"8":4,"9":1,"10":1,"11":4,"12":3,"13":1},"f":{"0":6,"1":4,"2":6,"3":4,"4":4,"5":3},"b":{}}
}
