{"/Users/stepankrousky/Code/reusable_utils/src/utils/numbers.ts": {"path":"/Users/stepankrousky/Code/reusable_utils/src/utils/numbers.ts","all":false,"statementMap":{"0":{"start":{"line":1,"column":0},"end":{"line":1,"column":70}},"1":{"start":{"line":2,"column":0},"end":{"line":2,"column":58}},"2":{"start":{"line":3,"column":0},"end":{"line":3,"column":1}},"3":{"start":{"line":4,"column":0},"end":{"line":4,"column":0}},"4":{"start":{"line":5,"column":0},"end":{"line":5,"column":73}},"5":{"start":{"line":6,"column":0},"end":{"line":6,"column":28}},"6":{"start":{"line":7,"column":0},"end":{"line":7,"column":48}},"7":{"start":{"line":8,"column":0},"end":{"line":8,"column":31}},"8":{"start":{"line":9,"column":0},"end":{"line":9,"column":44}},"9":{"start":{"line":10,"column":0},"end":{"line":10,"column":10}},"10":{"start":{"line":11,"column":0},"end":{"line":11,"column":28}},"11":{"start":{"line":12,"column":0},"end":{"line":12,"column":3}},"12":{"start":{"line":13,"column":0},"end":{"line":13,"column":1}},"13":{"start":{"line":14,"column":0},"end":{"line":14,"column":0}},"14":{"start":{"line":15,"column":0},"end":{"line":15,"column":80}},"15":{"start":{"line":16,"column":0},"end":{"line":16,"column":55}},"16":{"start":{"line":17,"column":0},"end":{"line":17,"column":39}},"17":{"start":{"line":18,"column":0},"end":{"line":18,"column":64}},"18":{"start":{"line":19,"column":0},"end":{"line":19,"column":46}},"19":{"start":{"line":20,"column":0},"end":{"line":20,"column":60}},"20":{"start":{"line":21,"column":0},"end":{"line":21,"column":10}},"21":{"start":{"line":22,"column":0},"end":{"line":22,"column":37}},"22":{"start":{"line":23,"column":0},"end":{"line":23,"column":3}},"23":{"start":{"line":24,"column":0},"end":{"line":24,"column":1}},"24":{"start":{"line":25,"column":0},"end":{"line":25,"column":0}},"25":{"start":{"line":26,"column":0},"end":{"line":26,"column":34}},"26":{"start":{"line":27,"column":0},"end":{"line":27,"column":17}},"27":{"start":{"line":28,"column":0},"end":{"line":28,"column":26}},"28":{"start":{"line":29,"column":0},"end":{"line":29,"column":14}},"29":{"start":{"line":30,"column":0},"end":{"line":30,"column":51}},"30":{"start":{"line":31,"column":0},"end":{"line":31,"column":0}},"31":{"start":{"line":32,"column":0},"end":{"line":32,"column":70}},"32":{"start":{"line":33,"column":0},"end":{"line":33,"column":0}},"33":{"start":{"line":34,"column":0},"end":{"line":34,"column":64}},"34":{"start":{"line":35,"column":0},"end":{"line":35,"column":1}}},"s":{"0":1,"1":4,"2":4,"3":1,"4":1,"5":5,"6":2,"7":5,"8":2,"9":3,"10":1,"11":1,"12":5,"13":1,"14":1,"15":13,"16":13,"17":4,"18":13,"19":4,"20":9,"21":5,"22":5,"23":13,"24":1,"25":1,"26":3,"27":3,"28":3,"29":3,"30":3,"31":3,"32":3,"33":3,"34":3},"branchMap":{"0":{"type":"branch","line":1,"loc":{"start":{"line":1,"column":31},"end":{"line":3,"column":1}},"locations":[{"start":{"line":1,"column":31},"end":{"line":3,"column":1}}]},"1":{"type":"branch","line":5,"loc":{"start":{"line":5,"column":44},"end":{"line":13,"column":1}},"locations":[{"start":{"line":5,"column":44},"end":{"line":13,"column":1}}]},"2":{"type":"branch","line":6,"loc":{"start":{"line":6,"column":27},"end":{"line":8,"column":3}},"locations":[{"start":{"line":6,"column":27},"end":{"line":8,"column":3}}]},"3":{"type":"branch","line":8,"loc":{"start":{"line":8,"column":3},"end":{"line":12,"column":3}},"locations":[{"start":{"line":8,"column":3},"end":{"line":12,"column":3}}]},"4":{"type":"branch","line":8,"loc":{"start":{"line":8,"column":30},"end":{"line":10,"column":3}},"locations":[{"start":{"line":8,"column":30},"end":{"line":10,"column":3}}]},"5":{"type":"branch","line":10,"loc":{"start":{"line":10,"column":3},"end":{"line":12,"column":3}},"locations":[{"start":{"line":10,"column":3},"end":{"line":12,"column":3}}]},"6":{"type":"branch","line":15,"loc":{"start":{"line":15,"column":43},"end":{"line":24,"column":1}},"locations":[{"start":{"line":15,"column":43},"end":{"line":24,"column":1}}]},"7":{"type":"branch","line":17,"loc":{"start":{"line":17,"column":38},"end":{"line":19,"column":3}},"locations":[{"start":{"line":17,"column":38},"end":{"line":19,"column":3}}]},"8":{"type":"branch","line":19,"loc":{"start":{"line":19,"column":3},"end":{"line":23,"column":3}},"locations":[{"start":{"line":19,"column":3},"end":{"line":23,"column":3}}]},"9":{"type":"branch","line":19,"loc":{"start":{"line":19,"column":45},"end":{"line":21,"column":3}},"locations":[{"start":{"line":19,"column":45},"end":{"line":21,"column":3}}]},"10":{"type":"branch","line":21,"loc":{"start":{"line":21,"column":3},"end":{"line":23,"column":3}},"locations":[{"start":{"line":21,"column":3},"end":{"line":23,"column":3}}]},"11":{"type":"branch","line":26,"loc":{"start":{"line":26,"column":33},"end":{"line":35,"column":1}},"locations":[{"start":{"line":26,"column":33},"end":{"line":35,"column":1}}]},"12":{"type":"branch","line":34,"loc":{"start":{"line":34,"column":21},"end":{"line":34,"column":52}},"locations":[{"start":{"line":34,"column":21},"end":{"line":34,"column":52}}]},"13":{"type":"branch","line":34,"loc":{"start":{"line":34,"column":53},"end":{"line":34,"column":64}},"locations":[{"start":{"line":34,"column":53},"end":{"line":34,"column":64}}]}},"b":{"0":[4],"1":[5],"2":[2],"3":[3],"4":[2],"5":[1],"6":[13],"7":[4],"8":[9],"9":[4],"10":[5],"11":[3],"12":[2],"13":[1]},"fnMap":{"0":{"name":"getRandomNumber","decl":{"start":{"line":1,"column":31},"end":{"line":3,"column":1}},"loc":{"start":{"line":1,"column":31},"end":{"line":3,"column":1}},"line":1},"1":{"name":"formatNumberToReadableString","decl":{"start":{"line":5,"column":44},"end":{"line":13,"column":1}},"loc":{"start":{"line":5,"column":44},"end":{"line":13,"column":1}},"line":5},"2":{"name":"parseReadableStringToNumber","decl":{"start":{"line":15,"column":43},"end":{"line":24,"column":1}},"loc":{"start":{"line":15,"column":43},"end":{"line":24,"column":1}},"line":15},"3":{"name":"formatPhoneNumber","decl":{"start":{"line":26,"column":33},"end":{"line":35,"column":1}},"loc":{"start":{"line":26,"column":33},"end":{"line":35,"column":1}},"line":26}},"f":{"0":4,"1":5,"2":13,"3":3}}
}
