TN:
SF:src/utils/numbers.ts
FN:1,getRandomNumber
FN:5,formatNumberToReadableString
FN:15,parseReadableStringToNumber
FN:26,formatPhoneNumber
FNF:4
FNH:4
FNDA:4,getRandomNumber
FNDA:5,formatNumberToReadableString
FNDA:13,parseReadableStringToNumber
FNDA:3,formatPhoneNumber
DA:1,1
DA:2,4
DA:3,4
DA:4,1
DA:5,1
DA:6,5
DA:7,2
DA:8,5
DA:9,2
DA:10,3
DA:11,1
DA:12,1
DA:13,5
DA:14,1
DA:15,1
DA:16,13
DA:17,13
DA:18,4
DA:19,13
DA:20,4
DA:21,9
DA:22,5
DA:23,5
DA:24,13
DA:25,1
DA:26,1
DA:27,3
DA:28,3
DA:29,3
DA:30,3
DA:31,3
DA:32,3
DA:33,3
DA:34,3
DA:35,3
LF:35
LH:35
BRDA:1,0,0,4
BRDA:5,1,0,5
BRDA:6,2,0,2
BRDA:8,3,0,3
BRDA:8,4,0,2
BRDA:10,5,0,1
BRDA:15,6,0,13
BRDA:17,7,0,4
BRDA:19,8,0,9
BRDA:19,9,0,4
BRDA:21,10,0,5
BRDA:26,11,0,3
BRDA:34,12,0,2
BRDA:34,13,0,1
BRF:14
BRH:14
end_of_record
