TN:
SF:src/utils/array.ts
FN:3,(anonymous_0)
FN:9,(anonymous_1)
FN:11,(anonymous_2)
FN:19,(anonymous_3)
FNF:4
FNH:4
FNDA:4,(anonymous_0)
FNDA:10,(anonymous_1)
FNDA:18,(anonymous_2)
FNDA:4,(anonymous_3)
DA:3,1
DA:4,4
DA:9,1
DA:10,10
DA:12,18
DA:19,1
DA:20,4
DA:21,4
DA:22,7
DA:24,4
LF:10
LH:10
BRDA:12,0,0,6
BRDA:12,0,1,12
BRF:2
BRH:2
end_of_record
TN:
SF:src/utils/date.ts
FN:3,(anonymous_0)
FN:10,(anonymous_1)
FNF:2
FNH:2
FNDA:2,(anonymous_0)
FNDA:14,(anonymous_1)
DA:3,1
DA:4,2
DA:5,2
DA:10,1
DA:11,14
DA:12,14
DA:14,14
DA:24,14
DA:25,2
DA:26,2
DA:27,12
DA:28,2
DA:29,2
DA:30,10
DA:31,2
DA:32,2
DA:33,8
DA:34,2
DA:35,2
DA:36,6
DA:37,2
DA:38,2
DA:39,4
DA:40,2
DA:41,2
DA:43,2
DA:44,2
LF:27
LH:27
BRDA:24,0,0,2
BRDA:24,0,1,12
BRDA:26,1,0,1
BRDA:26,1,1,1
BRDA:27,2,0,2
BRDA:27,2,1,10
BRDA:29,3,0,1
BRDA:29,3,1,1
BRDA:30,4,0,2
BRDA:30,4,1,8
BRDA:32,5,0,1
BRDA:32,5,1,1
BRDA:33,6,0,2
BRDA:33,6,1,6
BRDA:35,7,0,1
BRDA:35,7,1,1
BRDA:36,8,0,2
BRDA:36,8,1,4
BRDA:38,9,0,1
BRDA:38,9,1,1
BRDA:39,10,0,2
BRDA:39,10,1,2
BRDA:41,11,0,1
BRDA:41,11,1,1
BRDA:44,12,0,1
BRDA:44,12,1,1
BRF:26
BRH:26
end_of_record
TN:
SF:src/utils/number.ts
FN:3,(anonymous_0)
FN:9,(anonymous_1)
FN:21,(anonymous_2)
FN:34,(anonymous_3)
FN:45,(anonymous_4)
FNF:5
FNH:5
FNDA:4,(anonymous_0)
FNDA:5,(anonymous_1)
FNDA:13,(anonymous_2)
FNDA:3,(anonymous_3)
FNDA:12,(anonymous_4)
DA:3,1
DA:4,4
DA:9,1
DA:10,5
DA:11,2
DA:12,3
DA:13,2
DA:15,1
DA:21,1
DA:22,13
DA:23,13
DA:24,4
DA:25,9
DA:26,4
DA:28,5
DA:34,1
DA:38,3
DA:39,3
DA:40,3
DA:45,1
DA:46,12
LF:21
LH:21
BRDA:10,0,0,2
BRDA:10,0,1,3
BRDA:12,1,0,2
BRDA:12,1,1,1
BRDA:23,2,0,4
BRDA:23,2,1,9
BRDA:25,3,0,4
BRDA:25,3,1,5
BRDA:36,4,0,1
BRDA:40,5,0,2
BRDA:40,5,1,1
BRF:11
BRH:11
end_of_record
TN:
SF:src/utils/object.ts
FN:3,(anonymous_0)
FN:12,(anonymous_1)
FNF:2
FNH:2
FNDA:4,(anonymous_0)
FNDA:14,(anonymous_1)
DA:3,1
DA:4,4
DA:5,2
DA:7,2
DA:12,1
DA:19,14
DA:21,14
DA:22,16
DA:28,4
DA:34,12
DA:37,14
LF:11
LH:11
BRDA:4,0,0,2
BRDA:4,1,0,4
BRDA:4,1,1,3
BRDA:22,2,0,4
BRDA:22,2,1,12
BRDA:23,3,0,16
BRDA:23,3,1,16
BRDA:23,3,2,6
BRDA:29,4,0,4
BRDA:29,4,1,2
BRF:10
BRH:10
end_of_record
TN:
SF:src/utils/string.ts
FN:3,(anonymous_0)
FN:9,(anonymous_1)
FN:10,(anonymous_2)
FN:15,(anonymous_3)
FN:21,(anonymous_4)
FN:22,(anonymous_5)
FNF:6
FNH:6
FNDA:6,(anonymous_0)
FNDA:4,(anonymous_1)
FNDA:6,(anonymous_2)
FNDA:4,(anonymous_3)
FNDA:4,(anonymous_4)
FNDA:3,(anonymous_5)
DA:3,1
DA:4,6
DA:9,1
DA:10,6
DA:15,1
DA:16,4
DA:21,1
DA:22,4
LF:8
LH:8
BRF:0
BRH:0
end_of_record
